#
# There is insufficient memory for the Java Runtime Environment to continue.
# Native memory allocation (malloc) failed to allocate 32784 bytes for Chunk::new
# Possible reasons:
#   The system is out of physical RAM or swap space
#   The process is running with CompressedOops enabled, and the Java Heap may be blocking the growth of the native heap
# Possible solutions:
#   Reduce memory load on the system
#   Increase physical memory or swap space
#   Check if swap backing store is full
#   Decrease Java heap size (-Xmx/-Xms)
#   Decrease number of Java threads
#   Decrease Java thread stack sizes (-Xss)
#   Set larger code cache with -XX:ReservedCodeCacheSize=
#   JVM is running with Unscaled Compressed Oops mode in which the Java heap is
#     placed in the first 4GB address space. The Java Heap base address is the
#     maximum limit for the native heap growth. Please use -XX:HeapBaseMinAddress
#     to set the Java Heap base and to place the Java Heap above 4GB virtual address.
# This output file may be truncated or incomplete.
#
#  Out of Memory Error (./src/hotspot/share/memory/arena.cpp:197), pid=8916, tid=2856
#
# JRE version: OpenJDK Runtime Environment (11.0.8+10) (build 11.0.8+10-b944.6842174)
# Java VM: OpenJDK 64-Bit Server VM (11.0.8+10-b944.6842174, mixed mode, tiered, compressed oops, g1 gc, windows-amd64)
# No core dump will be written. Minidumps are not enabled by default on client versions of Windows
#

---------------  S U M M A R Y ------------

Command Line: --add-opens=java.base/java.util=ALL-UNNAMED --add-opens=java.base/java.lang=ALL-UNNAMED --add-opens=java.base/java.lang.invoke=ALL-UNNAMED --add-opens=java.prefs/java.util.prefs=ALL-UNNAMED -Xmx2048m -Dfile.encoding=UTF-8 -Duser.country=MX -Duser.language=es -Duser.variant org.gradle.launcher.daemon.bootstrap.GradleDaemon 6.7.1

Host: Intel(R) Core(TM) i3-1005G1 CPU @ 1.20GHz, 4 cores, 7G,  Windows 10 , 64 bit Build 19041 (10.0.19041.1503)
Time: Tue Mar  1 13:37:49 2022 Hora estándar central (México) elapsed time: 18 seconds (0d 0h 0m 18s)

---------------  T H R E A D  ---------------

Current thread (0x0000024ba4fe8800):  JavaThread "C2 CompilerThread0" daemon [_thread_in_native, id=2856, stack(0x000000a879f00000,0x000000a87a000000)]


Current CompileTask:
C2:  18208 4225 %     4       sun.security.provider.SHA::implCompress0 @ 3 (482 bytes)

Stack: [0x000000a879f00000,0x000000a87a000000]
Native frames: (J=compiled Java code, j=interpreted, Vv=VM code, C=native code)
V  [jvm.dll+0x5de50a]
V  [jvm.dll+0x7122f5]
V  [jvm.dll+0x71384d]
V  [jvm.dll+0x713f03]
V  [jvm.dll+0x23e728]
V  [jvm.dll+0xb899c]
V  [jvm.dll+0xb8e9c]
V  [jvm.dll+0xb8a98]
V  [jvm.dll+0x5be3b0]
V  [jvm.dll+0x60b310]
V  [jvm.dll+0x50b9a7]
V  [jvm.dll+0x4f8d2b]
V  [jvm.dll+0x4fab23]
V  [jvm.dll+0x4fa8eb]
V  [jvm.dll+0x4fa866]
V  [jvm.dll+0x502678]
V  [jvm.dll+0x1ff393]
V  [jvm.dll+0x1f917c]
V  [jvm.dll+0x1f685f]
V  [jvm.dll+0x17f32c]
V  [jvm.dll+0x205047]
V  [jvm.dll+0x203891]
V  [jvm.dll+0x6dad3f]
V  [jvm.dll+0x6d3895]
V  [jvm.dll+0x5dd4a6]
C  [ucrtbase.dll+0x21bb2]
C  [KERNEL32.DLL+0x17034]
C  [ntdll.dll+0x52651]


---------------  P R O C E S S  ---------------

Threads class SMR info:
_java_thread_list=0x0000024baa55ffe0, length=97, elements={
0x0000024b8b56c800, 0x0000024ba4fce000, 0x0000024ba4fd2000, 0x0000024ba5982800,
0x0000024ba4fe8000, 0x0000024ba4fe8800, 0x0000024ba4ff0800, 0x0000024ba5001800,
0x0000024ba5ab8000, 0x0000024ba5adb800, 0x0000024ba6d77000, 0x0000024ba6ed2000,
0x0000024ba6b36800, 0x0000024ba6b22800, 0x0000024ba6e08800, 0x0000024ba750d000,
0x0000024ba710f800, 0x0000024ba6e5c000, 0x0000024ba66a1800, 0x0000024ba6d0f800,
0x0000024ba6fee000, 0x0000024ba6fe8000, 0x0000024ba6fe9000, 0x0000024ba6feb800,
0x0000024ba6fed000, 0x0000024ba6fee800, 0x0000024ba6fea000, 0x0000024ba6fea800,
0x0000024ba6fec800, 0x0000024ba8211000, 0x0000024ba820b800, 0x0000024ba820f800,
0x0000024ba8210800, 0x0000024ba8212000, 0x0000024ba820c800, 0x0000024ba8213000,
0x0000024ba820d000, 0x0000024ba8213800, 0x0000024ba820e000, 0x0000024ba8218800,
0x0000024ba8219800, 0x0000024ba821a000, 0x0000024ba8214800, 0x0000024ba8217000,
0x0000024ba8218000, 0x0000024ba8215800, 0x0000024ba8216000, 0x0000024ba6133000,
0x0000024ba6132000, 0x0000024ba6130800, 0x0000024ba6136000, 0x0000024ba6137000,
0x0000024ba6131800, 0x0000024ba6139800, 0x0000024ba6138800, 0x0000024ba6138000,
0x0000024ba6134000, 0x0000024ba6135800, 0x0000024ba613a800, 0x0000024ba6134800,
0x0000024ba613c000, 0x0000024ba613d800, 0x0000024ba613e800, 0x0000024ba613c800,
0x0000024ba613f000, 0x0000024ba613b000, 0x0000024ba6482800, 0x0000024ba6481000,
0x0000024ba6482000, 0x0000024ba6483800, 0x0000024ba6484800, 0x0000024ba647e800,
0x0000024ba6480000, 0x0000024ba6485000, 0x0000024ba647f800, 0x0000024ba6489000,
0x0000024ba6486800, 0x0000024ba648b800, 0x0000024ba6487800, 0x0000024ba6486000,
0x0000024ba648d000, 0x0000024ba6488800, 0x0000024ba648a000, 0x0000024ba648c800,
0x0000024ba648b000, 0x0000024ba7931800, 0x0000024ba792d800, 0x0000024ba792f000,
0x0000024ba7930000, 0x0000024ba792b800, 0x0000024ba792c800, 0x0000024ba7930800,
0x0000024ba7932800, 0x0000024ba7933000, 0x0000024ba792e000, 0x0000024ba7936800,
0x0000024ba7937000
}

Java Threads: ( => current thread )
  0x0000024b8b56c800 JavaThread "main" [_thread_blocked, id=6884, stack(0x000000a879400000,0x000000a879500000)]
  0x0000024ba4fce000 JavaThread "Reference Handler" daemon [_thread_blocked, id=6124, stack(0x000000a879b00000,0x000000a879c00000)]
  0x0000024ba4fd2000 JavaThread "Finalizer" daemon [_thread_blocked, id=9224, stack(0x000000a879c00000,0x000000a879d00000)]
  0x0000024ba5982800 JavaThread "Signal Dispatcher" daemon [_thread_blocked, id=10020, stack(0x000000a879d00000,0x000000a879e00000)]
  0x0000024ba4fe8000 JavaThread "Attach Listener" daemon [_thread_blocked, id=10524, stack(0x000000a879e00000,0x000000a879f00000)]
=>0x0000024ba4fe8800 JavaThread "C2 CompilerThread0" daemon [_thread_in_native, id=2856, stack(0x000000a879f00000,0x000000a87a000000)]
  0x0000024ba4ff0800 JavaThread "C1 CompilerThread0" daemon [_thread_in_native, id=7464, stack(0x000000a87a000000,0x000000a87a100000)]
  0x0000024ba5001800 JavaThread "Sweeper thread" daemon [_thread_blocked, id=10304, stack(0x000000a87a100000,0x000000a87a200000)]
  0x0000024ba5ab8000 JavaThread "Common-Cleaner" daemon [_thread_blocked, id=7772, stack(0x000000a87a200000,0x000000a87a300000)]
  0x0000024ba5adb800 JavaThread "Service Thread" daemon [_thread_blocked, id=2292, stack(0x000000a87a300000,0x000000a87a400000)]
  0x0000024ba6d77000 JavaThread "Daemon health stats" [_thread_blocked, id=12868, stack(0x000000a87a700000,0x000000a87a800000)]
  0x0000024ba6ed2000 JavaThread "Incoming local TCP Connector on port 57290" [_thread_in_native, id=5568, stack(0x000000a87a900000,0x000000a87aa00000)]
  0x0000024ba6b36800 JavaThread "Daemon periodic checks" [_thread_blocked, id=4260, stack(0x000000a87aa00000,0x000000a87ab00000)]
  0x0000024ba6b22800 JavaThread "Daemon" [_thread_blocked, id=6676, stack(0x000000a87ab00000,0x000000a87ac00000)]
  0x0000024ba6e08800 JavaThread "Handler for socket connection from /127.0.0.1:57290 to /127.0.0.1:57291" [_thread_in_native, id=8900, stack(0x000000a87ac00000,0x000000a87ad00000)]
  0x0000024ba750d000 JavaThread "Cancel handler" [_thread_blocked, id=9604, stack(0x000000a87ad00000,0x000000a87ae00000)]
  0x0000024ba710f800 JavaThread "Daemon worker" [_thread_in_vm, id=12144, stack(0x000000a87ae00000,0x000000a87af00000)]
  0x0000024ba6e5c000 JavaThread "Asynchronous log dispatcher for DefaultDaemonConnection: socket connection from /127.0.0.1:57290 to /127.0.0.1:57291" [_thread_blocked, id=13540, stack(0x000000a87af00000,0x000000a87b000000)]
  0x0000024ba66a1800 JavaThread "Stdin handler" [_thread_blocked, id=9608, stack(0x000000a87b000000,0x000000a87b100000)]
  0x0000024ba6d0f800 JavaThread "Thread-8" [_thread_blocked, id=9752, stack(0x000000a87b100000,0x000000a87b200000)]
  0x0000024ba6fee000 JavaThread "Cache worker for file hash cache (C:\Users\marti\.gradle\caches\6.7.1\fileHashes)" [_thread_blocked, id=13832, stack(0x000000a87b400000,0x000000a87b500000)]
  0x0000024ba6fe8000 JavaThread "File lock request listener" [_thread_in_native, id=11292, stack(0x000000a87b500000,0x000000a87b600000)]
  0x0000024ba6fe9000 JavaThread "Cache worker for journal cache (C:\Users\marti\.gradle\caches\journal-1)" [_thread_blocked, id=13732, stack(0x000000a87b600000,0x000000a87b700000)]
  0x0000024ba6feb800 JavaThread "Cache worker for file hash cache (C:\Users\marti\AndroidStudioProjects\SmartHomeApp\.gradle\6.7.1\fileHashes)" [_thread_blocked, id=1644, stack(0x000000a87b700000,0x000000a87b800000)]
  0x0000024ba6fed000 JavaThread "Cache worker for checksums cache (C:\Users\marti\AndroidStudioProjects\SmartHomeApp\.gradle\checksums)" [_thread_blocked, id=8396, stack(0x000000a87b800000,0x000000a87b900000)]
  0x0000024ba6fee800 JavaThread "Cache worker for cache directory md-supplier (C:\Users\marti\.gradle\caches\6.7.1\md-supplier)" [_thread_blocked, id=5656, stack(0x000000a87b900000,0x000000a87ba00000)]
  0x0000024ba6fea000 JavaThread "Cache worker for cache directory md-rule (C:\Users\marti\.gradle\caches\6.7.1\md-rule)" [_thread_blocked, id=1524, stack(0x000000a87ba00000,0x000000a87bb00000)]
  0x0000024ba6fea800 JavaThread "Cache worker for execution history cache (C:\Users\marti\.gradle\caches\6.7.1\executionHistory)" [_thread_blocked, id=14344, stack(0x000000a87bb00000,0x000000a87bc00000)]
  0x0000024ba6fec800 JavaThread "jar transforms" [_thread_blocked, id=11104, stack(0x000000a87bc00000,0x000000a87bd00000)]
  0x0000024ba8211000 JavaThread "Cache worker for file content cache (C:\Users\marti\.gradle\caches\6.7.1\fileContent)" [_thread_blocked, id=1532, stack(0x000000a87bd00000,0x000000a87be00000)]
  0x0000024ba820b800 JavaThread "Cache worker for Build Output Cleanup Cache (C:\Users\marti\AndroidStudioProjects\SmartHomeApp\.gradle\buildOutputCleanup)" [_thread_blocked, id=7764, stack(0x000000a87be00000,0x000000a87bf00000)]
  0x0000024ba820f800 JavaThread "Build operations" [_thread_blocked, id=13644, stack(0x000000a87bf00000,0x000000a87c000000)]
  0x0000024ba8210800 JavaThread "Build operations Thread 2" [_thread_blocked, id=12572, stack(0x000000a87c000000,0x000000a87c100000)]
  0x0000024ba8212000 JavaThread "Build operations Thread 3" [_thread_blocked, id=13964, stack(0x000000a87c100000,0x000000a87c200000)]
  0x0000024ba820c800 JavaThread "Build operations Thread 4" [_thread_blocked, id=7372, stack(0x000000a87c200000,0x000000a87c300000)]
  0x0000024ba8213000 JavaThread "jar transforms Thread 2" [_thread_blocked, id=12180, stack(0x000000a87c300000,0x000000a87c400000)]
  0x0000024ba820d000 JavaThread "jar transforms Thread 3" [_thread_blocked, id=6112, stack(0x000000a87c400000,0x000000a87c500000)]
  0x0000024ba8213800 JavaThread "jar transforms Thread 4" [_thread_blocked, id=12344, stack(0x000000a87c500000,0x000000a87c600000)]
  0x0000024ba820e000 JavaThread "jar transforms Thread 5" [_thread_blocked, id=3672, stack(0x000000a87c600000,0x000000a87c700000)]
  0x0000024ba8218800 JavaThread "jar transforms Thread 6" [_thread_blocked, id=12308, stack(0x000000a87c700000,0x000000a87c800000)]
  0x0000024ba8219800 JavaThread "jar transforms Thread 7" [_thread_blocked, id=9152, stack(0x000000a87c800000,0x000000a87c900000)]
  0x0000024ba821a000 JavaThread "jar transforms Thread 8" [_thread_blocked, id=9104, stack(0x000000a87c900000,0x000000a87ca00000)]
  0x0000024ba8214800 JavaThread "jar transforms Thread 9" [_thread_blocked, id=7824, stack(0x000000a87ca00000,0x000000a87cb00000)]
  0x0000024ba8217000 JavaThread "jar transforms Thread 10" [_thread_blocked, id=1448, stack(0x000000a87cb00000,0x000000a87cc00000)]
  0x0000024ba8218000 JavaThread "jar transforms Thread 11" [_thread_blocked, id=1096, stack(0x000000a87cc00000,0x000000a87cd00000)]
  0x0000024ba8215800 JavaThread "jar transforms Thread 12" [_thread_blocked, id=13560, stack(0x000000a87cd00000,0x000000a87ce00000)]
  0x0000024ba8216000 JavaThread "jar transforms Thread 13" [_thread_blocked, id=4248, stack(0x000000a87ce00000,0x000000a87cf00000)]
  0x0000024ba6133000 JavaThread "jar transforms Thread 14" [_thread_blocked, id=5252, stack(0x000000a87cf00000,0x000000a87d000000)]
  0x0000024ba6132000 JavaThread "jar transforms Thread 15" [_thread_blocked, id=13216, stack(0x000000a87d000000,0x000000a87d100000)]
  0x0000024ba6130800 JavaThread "jar transforms Thread 16" [_thread_blocked, id=6352, stack(0x000000a87d100000,0x000000a87d200000)]
  0x0000024ba6136000 JavaThread "jar transforms Thread 17" [_thread_blocked, id=8392, stack(0x000000a87d200000,0x000000a87d300000)]
  0x0000024ba6137000 JavaThread "jar transforms Thread 18" [_thread_blocked, id=8460, stack(0x000000a87d300000,0x000000a87d400000)]
  0x0000024ba6131800 JavaThread "jar transforms Thread 19" [_thread_blocked, id=4184, stack(0x000000a87d400000,0x000000a87d500000)]
  0x0000024ba6139800 JavaThread "jar transforms Thread 20" [_thread_blocked, id=10744, stack(0x000000a87d500000,0x000000a87d600000)]
  0x0000024ba6138800 JavaThread "jar transforms Thread 21" [_thread_blocked, id=7560, stack(0x000000a87d600000,0x000000a87d700000)]
  0x0000024ba6138000 JavaThread "jar transforms Thread 22" [_thread_blocked, id=8080, stack(0x000000a87d700000,0x000000a87d800000)]
  0x0000024ba6134000 JavaThread "jar transforms Thread 23" [_thread_blocked, id=6708, stack(0x000000a87d800000,0x000000a87d900000)]
  0x0000024ba6135800 JavaThread "jar transforms Thread 24" [_thread_blocked, id=7584, stack(0x000000a87d900000,0x000000a87da00000)]
  0x0000024ba613a800 JavaThread "jar transforms Thread 25" [_thread_blocked, id=4732, stack(0x000000a87da00000,0x000000a87db00000)]
  0x0000024ba6134800 JavaThread "jar transforms Thread 26" [_thread_blocked, id=9256, stack(0x000000a87db00000,0x000000a87dc00000)]
  0x0000024ba613c000 JavaThread "jar transforms Thread 27" [_thread_blocked, id=8844, stack(0x000000a87dc00000,0x000000a87dd00000)]
  0x0000024ba613d800 JavaThread "jar transforms Thread 28" [_thread_blocked, id=13740, stack(0x000000a87dd00000,0x000000a87de00000)]
  0x0000024ba613e800 JavaThread "jar transforms Thread 29" [_thread_blocked, id=14116, stack(0x000000a87de00000,0x000000a87df00000)]
  0x0000024ba613c800 JavaThread "jar transforms Thread 30" [_thread_blocked, id=14928, stack(0x000000a87df00000,0x000000a87e000000)]
  0x0000024ba613f000 JavaThread "jar transforms Thread 31" [_thread_blocked, id=3436, stack(0x000000a87e000000,0x000000a87e100000)]
  0x0000024ba613b000 JavaThread "jar transforms Thread 32" [_thread_blocked, id=5640, stack(0x000000a87e100000,0x000000a87e200000)]
  0x0000024ba6482800 JavaThread "jar transforms Thread 33" [_thread_blocked, id=7232, stack(0x000000a87e200000,0x000000a87e300000)]
  0x0000024ba6481000 JavaThread "jar transforms Thread 34" [_thread_blocked, id=13052, stack(0x000000a87e300000,0x000000a87e400000)]
  0x0000024ba6482000 JavaThread "jar transforms Thread 35" [_thread_blocked, id=7884, stack(0x000000a87e400000,0x000000a87e500000)]
  0x0000024ba6483800 JavaThread "jar transforms Thread 36" [_thread_blocked, id=12832, stack(0x000000a87e500000,0x000000a87e600000)]
  0x0000024ba6484800 JavaThread "jar transforms Thread 37" [_thread_blocked, id=4164, stack(0x000000a87e600000,0x000000a87e700000)]
  0x0000024ba647e800 JavaThread "jar transforms Thread 38" [_thread_blocked, id=9252, stack(0x000000a87e700000,0x000000a87e800000)]
  0x0000024ba6480000 JavaThread "jar transforms Thread 39" [_thread_blocked, id=4476, stack(0x000000a87e800000,0x000000a87e900000)]
  0x0000024ba6485000 JavaThread "jar transforms Thread 40" [_thread_blocked, id=15340, stack(0x000000a87e900000,0x000000a87ea00000)]
  0x0000024ba647f800 JavaThread "jar transforms Thread 41" [_thread_blocked, id=7404, stack(0x000000a87ea00000,0x000000a87eb00000)]
  0x0000024ba6489000 JavaThread "jar transforms Thread 42" [_thread_blocked, id=12552, stack(0x000000a87eb00000,0x000000a87ec00000)]
  0x0000024ba6486800 JavaThread "jar transforms Thread 43" [_thread_blocked, id=6532, stack(0x000000a87ec00000,0x000000a87ed00000)]
  0x0000024ba648b800 JavaThread "jar transforms Thread 44" [_thread_blocked, id=5372, stack(0x000000a87ed00000,0x000000a87ee00000)]
  0x0000024ba6487800 JavaThread "jar transforms Thread 45" [_thread_blocked, id=15112, stack(0x000000a87ee00000,0x000000a87ef00000)]
  0x0000024ba6486000 JavaThread "jar transforms Thread 46" [_thread_blocked, id=1708, stack(0x000000a87ef00000,0x000000a87f000000)]
  0x0000024ba648d000 JavaThread "jar transforms Thread 47" [_thread_blocked, id=4888, stack(0x000000a87f000000,0x000000a87f100000)]
  0x0000024ba6488800 JavaThread "jar transforms Thread 48" [_thread_blocked, id=6088, stack(0x000000a87f100000,0x000000a87f200000)]
  0x0000024ba648a000 JavaThread "jar transforms Thread 49" [_thread_blocked, id=8568, stack(0x000000a87f200000,0x000000a87f300000)]
  0x0000024ba648c800 JavaThread "jar transforms Thread 50" [_thread_blocked, id=7564, stack(0x000000a87f300000,0x000000a87f400000)]
  0x0000024ba648b000 JavaThread "jar transforms Thread 51" [_thread_blocked, id=11988, stack(0x000000a87f400000,0x000000a87f500000)]
  0x0000024ba7931800 JavaThread "jar transforms Thread 52" [_thread_blocked, id=8128, stack(0x000000a87f500000,0x000000a87f600000)]
  0x0000024ba792d800 JavaThread "jar transforms Thread 53" [_thread_blocked, id=15300, stack(0x000000a87f600000,0x000000a87f700000)]
  0x0000024ba792f000 JavaThread "jar transforms Thread 54" [_thread_blocked, id=11164, stack(0x000000a87f700000,0x000000a87f800000)]
  0x0000024ba7930000 JavaThread "jar transforms Thread 55" [_thread_blocked, id=6916, stack(0x000000a87f800000,0x000000a87f900000)]
  0x0000024ba792b800 JavaThread "jar transforms Thread 56" [_thread_blocked, id=11420, stack(0x000000a87f900000,0x000000a87fa00000)]
  0x0000024ba792c800 JavaThread "jar transforms Thread 57" [_thread_blocked, id=3504, stack(0x000000a87fa00000,0x000000a87fb00000)]
  0x0000024ba7930800 JavaThread "jar transforms Thread 58" [_thread_blocked, id=8692, stack(0x000000a87fb00000,0x000000a87fc00000)]
  0x0000024ba7932800 JavaThread "jar transforms Thread 59" [_thread_blocked, id=14224, stack(0x000000a87fc00000,0x000000a87fd00000)]
  0x0000024ba7933000 JavaThread "jar transforms Thread 60" [_thread_blocked, id=14460, stack(0x000000a87fd00000,0x000000a87fe00000)]
  0x0000024ba792e000 JavaThread "jar transforms Thread 61" [_thread_blocked, id=13032, stack(0x000000a87fe00000,0x000000a87ff00000)]
  0x0000024ba7936800 JavaThread "jar transforms Thread 62" [_thread_blocked, id=964, stack(0x000000a87ff00000,0x000000a880000000)]
  0x0000024ba7937000 JavaThread "jar transforms Thread 63" [_thread_blocked, id=6468, stack(0x000000a800000000,0x000000a800100000)]

Other Threads:
  0x0000024ba4fcb800 VMThread "VM Thread" [stack: 0x000000a879a00000,0x000000a879b00000] [id=12124]
  0x0000024ba5ade000 WatcherThread [stack: 0x000000a87a400000,0x000000a87a500000] [id=5680]
  0x0000024b8b584000 GCTaskThread "GC Thread#0" [stack: 0x000000a879500000,0x000000a879600000] [id=828]
  0x0000024ba5f83800 GCTaskThread "GC Thread#1" [stack: 0x000000a87a600000,0x000000a87a700000] [id=7172]
  0x0000024ba6ddf800 GCTaskThread "GC Thread#2" [stack: 0x000000a87b200000,0x000000a87b300000] [id=8104]
  0x0000024ba72cb800 GCTaskThread "GC Thread#3" [stack: 0x000000a87b300000,0x000000a87b400000] [id=5828]
  0x0000024b8b5b4800 ConcurrentGCThread "G1 Main Marker" [stack: 0x000000a879600000,0x000000a879700000] [id=3268]
  0x0000024b8b5b7000 ConcurrentGCThread "G1 Conc#0" [stack: 0x000000a879700000,0x000000a879800000] [id=6512]
  0x0000024b8b641000 ConcurrentGCThread "G1 Refine#0" [stack: 0x000000a879800000,0x000000a879900000] [id=11276]
  0x0000024b8b642000 ConcurrentGCThread "G1 Young RemSet Sampling" [stack: 0x000000a879900000,0x000000a879a00000] [id=10456]

Threads with active compile tasks:
C2 CompilerThread0  18419 4225 %     4       sun.security.provider.SHA::implCompress0 @ 3 (482 bytes)
C1 CompilerThread0  18419 4236       3       java.util.stream.AbstractPipeline::sourceSpliterator (265 bytes)

VM state:not at safepoint (normal execution)

VM Mutex/Monitor currently owned by a thread: None

OutOfMemory and StackOverflow Exception counts:
OutOfMemoryError java_heap_errors=1
LinkageErrors=80

Heap address: 0x0000000080000000, size: 2048 MB, Compressed Oops mode: 32-bit
Narrow klass base: 0x0000000000000000, Narrow klass shift: 3
Compressed class space size: 1073741824 Address: 0x0000000100000000

Heap:
 garbage-first heap   total 152576K, used 77423K [0x0000000080000000, 0x0000000100000000)
  region size 1024K, 59 young (60416K), 7 survivors (7168K)
 Metaspace       used 44476K, capacity 45580K, committed 45824K, reserved 1091584K
  class space    used 5696K, capacity 6087K, committed 6144K, reserved 1048576K
Heap Regions: E=young(eden), S=young(survivor), O=old, HS=humongous(starts), HC=humongous(continues), CS=collection set, F=free, A=archive, TAMS=top-at-mark-start (previous, next)
|   0|0x0000000080000000, 0x0000000080100000, 0x0000000080100000|100%| O|  |TAMS 0x0000000080100000, 0x0000000080000000| Untracked 
|   1|0x0000000080100000, 0x0000000080200000, 0x0000000080200000|100%| O|  |TAMS 0x0000000080200000, 0x0000000080100000| Untracked 
|   2|0x0000000080200000, 0x0000000080300000, 0x0000000080300000|100%| O|  |TAMS 0x0000000080300000, 0x0000000080200000| Untracked 
|   3|0x0000000080300000, 0x0000000080400000, 0x0000000080400000|100%|HS|  |TAMS 0x0000000080400000, 0x0000000080300000| Complete 
|   4|0x0000000080400000, 0x0000000080500000, 0x0000000080500000|100%|HC|  |TAMS 0x0000000080500000, 0x0000000080400000| Complete 
|   5|0x0000000080500000, 0x0000000080600000, 0x0000000080600000|100%|HC|  |TAMS 0x0000000080600000, 0x0000000080500000| Complete 
|   6|0x0000000080600000, 0x0000000080700000, 0x0000000080700000|100%| O|  |TAMS 0x0000000080700000, 0x0000000080600000| Untracked 
|   7|0x0000000080700000, 0x0000000080800000, 0x0000000080800000|100%| O|  |TAMS 0x0000000080800000, 0x0000000080700000| Untracked 
|   8|0x0000000080800000, 0x0000000080900000, 0x0000000080900000|100%| O|  |TAMS 0x0000000080900000, 0x0000000080800000| Untracked 
|   9|0x0000000080900000, 0x0000000080a00000, 0x0000000080a00000|100%| O|  |TAMS 0x0000000080a00000, 0x0000000080900000| Untracked 
|  10|0x0000000080a00000, 0x0000000080b00000, 0x0000000080b00000|100%| O|  |TAMS 0x0000000080b00000, 0x0000000080a00000| Untracked 
|  11|0x0000000080b00000, 0x0000000080c00000, 0x0000000080c00000|100%| O|  |TAMS 0x0000000080c00000, 0x0000000080b00000| Untracked 
|  12|0x0000000080c00000, 0x0000000080d00000, 0x0000000080d00000|100%| O|  |TAMS 0x0000000080d00000, 0x0000000080c00000| Untracked 
|  13|0x0000000080d00000, 0x0000000080e00000, 0x0000000080e00000|100%| O|  |TAMS 0x0000000080e00000, 0x0000000080d00000| Untracked 
|  14|0x0000000080e00000, 0x0000000080f00000, 0x0000000080f00000|100%| O|  |TAMS 0x0000000080f00000, 0x0000000080e00000| Untracked 
|  15|0x0000000080f00000, 0x0000000081000000, 0x0000000081000000|100%| O|  |TAMS 0x0000000080f90e00, 0x0000000080f00000| Untracked 
|  16|0x0000000081000000, 0x0000000081000000, 0x0000000081100000|  0%| F|  |TAMS 0x0000000081000000, 0x0000000081000000| Untracked 
|  17|0x0000000081100000, 0x0000000081100000, 0x0000000081200000|  0%| F|  |TAMS 0x0000000081100000, 0x0000000081100000| Untracked 
|  18|0x0000000081200000, 0x0000000081200000, 0x0000000081300000|  0%| F|  |TAMS 0x0000000081200000, 0x0000000081200000| Untracked 
|  19|0x0000000081300000, 0x0000000081300000, 0x0000000081400000|  0%| F|  |TAMS 0x0000000081300000, 0x0000000081300000| Untracked 
|  20|0x0000000081400000, 0x0000000081500000, 0x0000000081500000|100%| O|  |TAMS 0x0000000081400000, 0x0000000081400000| Untracked 
|  21|0x0000000081500000, 0x0000000081600000, 0x0000000081600000|100%| O|  |TAMS 0x0000000081500000, 0x0000000081500000| Untracked 
|  22|0x0000000081600000, 0x0000000081615c00, 0x0000000081700000|  8%| O|  |TAMS 0x0000000081600000, 0x0000000081600000| Untracked 
|  23|0x0000000081700000, 0x0000000081700000, 0x0000000081800000|  0%| F|  |TAMS 0x0000000081700000, 0x0000000081700000| Untracked 
|  24|0x0000000081800000, 0x0000000081800000, 0x0000000081900000|  0%| F|  |TAMS 0x0000000081800000, 0x0000000081800000| Untracked 
|  25|0x0000000081900000, 0x0000000081900000, 0x0000000081a00000|  0%| F|  |TAMS 0x0000000081900000, 0x0000000081900000| Untracked 
|  26|0x0000000081a00000, 0x0000000081a00000, 0x0000000081b00000|  0%| F|  |TAMS 0x0000000081a00000, 0x0000000081a00000| Untracked 
|  27|0x0000000081b00000, 0x0000000081b00000, 0x0000000081c00000|  0%| F|  |TAMS 0x0000000081b00000, 0x0000000081b00000| Untracked 
|  28|0x0000000081c00000, 0x0000000081c00000, 0x0000000081d00000|  0%| F|  |TAMS 0x0000000081c00000, 0x0000000081c00000| Untracked 
|  29|0x0000000081d00000, 0x0000000081d00000, 0x0000000081e00000|  0%| F|  |TAMS 0x0000000081d00000, 0x0000000081d00000| Untracked 
|  30|0x0000000081e00000, 0x0000000081e00000, 0x0000000081f00000|  0%| F|  |TAMS 0x0000000081e00000, 0x0000000081e00000| Untracked 
|  31|0x0000000081f00000, 0x0000000081f00000, 0x0000000082000000|  0%| F|  |TAMS 0x0000000081f00000, 0x0000000081f00000| Untracked 
|  32|0x0000000082000000, 0x0000000082000000, 0x0000000082100000|  0%| F|  |TAMS 0x0000000082000000, 0x0000000082000000| Untracked 
|  33|0x0000000082100000, 0x0000000082100000, 0x0000000082200000|  0%| F|  |TAMS 0x0000000082100000, 0x0000000082100000| Untracked 
|  34|0x0000000082200000, 0x0000000082200000, 0x0000000082300000|  0%| F|  |TAMS 0x0000000082200000, 0x0000000082200000| Untracked 
|  35|0x0000000082300000, 0x0000000082300000, 0x0000000082400000|  0%| F|  |TAMS 0x0000000082300000, 0x0000000082300000| Untracked 
|  36|0x0000000082400000, 0x0000000082400000, 0x0000000082500000|  0%| F|  |TAMS 0x0000000082400000, 0x0000000082400000| Untracked 
|  37|0x0000000082500000, 0x0000000082500000, 0x0000000082600000|  0%| F|  |TAMS 0x0000000082500000, 0x0000000082500000| Untracked 
|  38|0x0000000082600000, 0x0000000082600000, 0x0000000082700000|  0%| F|  |TAMS 0x0000000082600000, 0x0000000082600000| Untracked 
|  39|0x0000000082700000, 0x0000000082700000, 0x0000000082800000|  0%| F|  |TAMS 0x0000000082700000, 0x0000000082700000| Untracked 
|  40|0x0000000082800000, 0x0000000082800000, 0x0000000082900000|  0%| F|  |TAMS 0x0000000082800000, 0x0000000082800000| Untracked 
|  41|0x0000000082900000, 0x0000000082900000, 0x0000000082a00000|  0%| F|  |TAMS 0x0000000082900000, 0x0000000082900000| Untracked 
|  42|0x0000000082a00000, 0x0000000082a00000, 0x0000000082b00000|  0%| F|  |TAMS 0x0000000082a00000, 0x0000000082a00000| Untracked 
|  43|0x0000000082b00000, 0x0000000082b00000, 0x0000000082c00000|  0%| F|  |TAMS 0x0000000082b00000, 0x0000000082b00000| Untracked 
|  44|0x0000000082c00000, 0x0000000082c00000, 0x0000000082d00000|  0%| F|  |TAMS 0x0000000082c00000, 0x0000000082c00000| Untracked 
|  45|0x0000000082d00000, 0x0000000082d00000, 0x0000000082e00000|  0%| F|  |TAMS 0x0000000082d00000, 0x0000000082d00000| Untracked 
|  46|0x0000000082e00000, 0x0000000082e00000, 0x0000000082f00000|  0%| F|  |TAMS 0x0000000082e00000, 0x0000000082e00000| Untracked 
|  47|0x0000000082f00000, 0x0000000082f00000, 0x0000000083000000|  0%| F|  |TAMS 0x0000000082f00000, 0x0000000082f00000| Untracked 
|  48|0x0000000083000000, 0x0000000083000000, 0x0000000083100000|  0%| F|  |TAMS 0x0000000083000000, 0x0000000083000000| Untracked 
|  49|0x0000000083100000, 0x0000000083100000, 0x0000000083200000|  0%| F|  |TAMS 0x0000000083100000, 0x0000000083100000| Untracked 
|  50|0x0000000083200000, 0x0000000083286180, 0x0000000083300000| 52%| S|CS|TAMS 0x0000000083200000, 0x0000000083200000| Complete 
|  51|0x0000000083300000, 0x0000000083400000, 0x0000000083400000|100%| S|CS|TAMS 0x0000000083300000, 0x0000000083300000| Complete 
|  52|0x0000000083400000, 0x0000000083500000, 0x0000000083500000|100%| S|CS|TAMS 0x0000000083400000, 0x0000000083400000| Complete 
|  53|0x0000000083500000, 0x0000000083600000, 0x0000000083600000|100%| S|CS|TAMS 0x0000000083500000, 0x0000000083500000| Complete 
|  54|0x0000000083600000, 0x0000000083700000, 0x0000000083700000|100%| S|CS|TAMS 0x0000000083600000, 0x0000000083600000| Complete 
|  55|0x0000000083700000, 0x0000000083800000, 0x0000000083800000|100%| S|CS|TAMS 0x0000000083700000, 0x0000000083700000| Complete 
|  56|0x0000000083800000, 0x0000000083900000, 0x0000000083900000|100%| S|CS|TAMS 0x0000000083800000, 0x0000000083800000| Complete 
|  57|0x0000000083900000, 0x0000000083900000, 0x0000000083a00000|  0%| F|  |TAMS 0x0000000083900000, 0x0000000083900000| Untracked 
|  58|0x0000000083a00000, 0x0000000083a00000, 0x0000000083b00000|  0%| F|  |TAMS 0x0000000083a00000, 0x0000000083a00000| Untracked 
|  59|0x0000000083b00000, 0x0000000083b00000, 0x0000000083c00000|  0%| F|  |TAMS 0x0000000083b00000, 0x0000000083b00000| Untracked 
|  60|0x0000000083c00000, 0x0000000083c00000, 0x0000000083d00000|  0%| F|  |TAMS 0x0000000083c00000, 0x0000000083c00000| Untracked 
|  61|0x0000000083d00000, 0x0000000083d00000, 0x0000000083e00000|  0%| F|  |TAMS 0x0000000083d00000, 0x0000000083d00000| Untracked 
|  62|0x0000000083e00000, 0x0000000083e00000, 0x0000000083f00000|  0%| F|  |TAMS 0x0000000083e00000, 0x0000000083e00000| Untracked 
|  63|0x0000000083f00000, 0x0000000083f00000, 0x0000000084000000|  0%| F|  |TAMS 0x0000000083f00000, 0x0000000083f00000| Untracked 
|  64|0x0000000084000000, 0x0000000084000000, 0x0000000084100000|  0%| F|  |TAMS 0x0000000084000000, 0x0000000084000000| Untracked 
|  65|0x0000000084100000, 0x0000000084100000, 0x0000000084200000|  0%| F|  |TAMS 0x0000000084100000, 0x0000000084100000| Untracked 
|  66|0x0000000084200000, 0x0000000084200000, 0x0000000084300000|  0%| F|  |TAMS 0x0000000084200000, 0x0000000084200000| Untracked 
|  67|0x0000000084300000, 0x0000000084300000, 0x0000000084400000|  0%| F|  |TAMS 0x0000000084300000, 0x0000000084300000| Untracked 
|  68|0x0000000084400000, 0x0000000084400000, 0x0000000084500000|  0%| F|  |TAMS 0x0000000084400000, 0x0000000084400000| Untracked 
|  69|0x0000000084500000, 0x0000000084500000, 0x0000000084600000|  0%| F|  |TAMS 0x0000000084500000, 0x0000000084500000| Untracked 
|  70|0x0000000084600000, 0x0000000084600000, 0x0000000084700000|  0%| F|  |TAMS 0x0000000084600000, 0x0000000084600000| Untracked 
|  71|0x0000000084700000, 0x0000000084700000, 0x0000000084800000|  0%| F|  |TAMS 0x0000000084700000, 0x0000000084700000| Untracked 
|  72|0x0000000084800000, 0x0000000084800000, 0x0000000084900000|  0%| F|  |TAMS 0x0000000084800000, 0x0000000084800000| Untracked 
|  73|0x0000000084900000, 0x0000000084900000, 0x0000000084a00000|  0%| F|  |TAMS 0x0000000084900000, 0x0000000084900000| Untracked 
|  74|0x0000000084a00000, 0x0000000084a00000, 0x0000000084b00000|  0%| F|  |TAMS 0x0000000084a00000, 0x0000000084a00000| Untracked 
|  75|0x0000000084b00000, 0x0000000084b00000, 0x0000000084c00000|  0%| F|  |TAMS 0x0000000084b00000, 0x0000000084b00000| Untracked 
|  76|0x0000000084c00000, 0x0000000084c00000, 0x0000000084d00000|  0%| F|  |TAMS 0x0000000084c00000, 0x0000000084c00000| Untracked 
|  77|0x0000000084d00000, 0x0000000084d00000, 0x0000000084e00000|  0%| F|  |TAMS 0x0000000084d00000, 0x0000000084d00000| Untracked 
|  78|0x0000000084e00000, 0x0000000084e00000, 0x0000000084f00000|  0%| F|  |TAMS 0x0000000084e00000, 0x0000000084e00000| Untracked 
|  79|0x0000000084f00000, 0x0000000084f00000, 0x0000000085000000|  0%| F|  |TAMS 0x0000000084f00000, 0x0000000084f00000| Untracked 
|  80|0x0000000085000000, 0x0000000085000000, 0x0000000085100000|  0%| F|  |TAMS 0x0000000085000000, 0x0000000085000000| Untracked 
|  81|0x0000000085100000, 0x0000000085100000, 0x0000000085200000|  0%| F|  |TAMS 0x0000000085100000, 0x0000000085100000| Untracked 
|  82|0x0000000085200000, 0x0000000085200000, 0x0000000085300000|  0%| F|  |TAMS 0x0000000085200000, 0x0000000085200000| Untracked 
|  83|0x0000000085300000, 0x0000000085300000, 0x0000000085400000|  0%| F|  |TAMS 0x0000000085300000, 0x0000000085300000| Untracked 
|  84|0x0000000085400000, 0x0000000085400000, 0x0000000085500000|  0%| F|  |TAMS 0x0000000085400000, 0x0000000085400000| Untracked 
|  85|0x0000000085500000, 0x0000000085500000, 0x0000000085600000|  0%| F|  |TAMS 0x0000000085500000, 0x0000000085500000| Untracked 
|  86|0x0000000085600000, 0x0000000085600000, 0x0000000085700000|  0%| F|  |TAMS 0x0000000085600000, 0x0000000085600000| Untracked 
|  87|0x0000000085700000, 0x0000000085700000, 0x0000000085800000|  0%| F|  |TAMS 0x0000000085700000, 0x0000000085700000| Untracked 
|  88|0x0000000085800000, 0x0000000085800000, 0x0000000085900000|  0%| F|  |TAMS 0x0000000085800000, 0x0000000085800000| Untracked 
|  89|0x0000000085900000, 0x0000000085900000, 0x0000000085a00000|  0%| F|  |TAMS 0x0000000085900000, 0x0000000085900000| Untracked 
|  90|0x0000000085a00000, 0x0000000085a00000, 0x0000000085b00000|  0%| F|  |TAMS 0x0000000085a00000, 0x0000000085a00000| Untracked 
|  91|0x0000000085b00000, 0x0000000085b00000, 0x0000000085c00000|  0%| F|  |TAMS 0x0000000085b00000, 0x0000000085b00000| Untracked 
|  92|0x0000000085c00000, 0x0000000085c00000, 0x0000000085d00000|  0%| F|  |TAMS 0x0000000085c00000, 0x0000000085c00000| Untracked 
|  93|0x0000000085d00000, 0x0000000085d00000, 0x0000000085e00000|  0%| F|  |TAMS 0x0000000085d00000, 0x0000000085d00000| Untracked 
|  94|0x0000000085e00000, 0x0000000085e00000, 0x0000000085f00000|  0%| F|  |TAMS 0x0000000085e00000, 0x0000000085e00000| Untracked 
|  95|0x0000000085f00000, 0x0000000085f00000, 0x0000000086000000|  0%| F|  |TAMS 0x0000000085f00000, 0x0000000085f00000| Untracked 
|  96|0x0000000086000000, 0x0000000086000000, 0x0000000086100000|  0%| F|  |TAMS 0x0000000086000000, 0x0000000086000000| Untracked 
|  97|0x0000000086100000, 0x000000008617cd50, 0x0000000086200000| 48%| E|  |TAMS 0x0000000086100000, 0x0000000086100000| Complete 
|  98|0x0000000086200000, 0x0000000086300000, 0x0000000086300000|100%| E|CS|TAMS 0x0000000086200000, 0x0000000086200000| Complete 
|  99|0x0000000086300000, 0x0000000086400000, 0x0000000086400000|100%| E|CS|TAMS 0x0000000086300000, 0x0000000086300000| Complete 
| 100|0x0000000086400000, 0x0000000086500000, 0x0000000086500000|100%| E|CS|TAMS 0x0000000086400000, 0x0000000086400000| Complete 
| 101|0x0000000086500000, 0x0000000086600000, 0x0000000086600000|100%| E|CS|TAMS 0x0000000086500000, 0x0000000086500000| Complete 
| 102|0x0000000086600000, 0x0000000086700000, 0x0000000086700000|100%| E|CS|TAMS 0x0000000086600000, 0x0000000086600000| Complete 
| 103|0x0000000086700000, 0x0000000086800000, 0x0000000086800000|100%| E|CS|TAMS 0x0000000086700000, 0x0000000086700000| Complete 
| 104|0x0000000086800000, 0x0000000086900000, 0x0000000086900000|100%| E|CS|TAMS 0x0000000086800000, 0x0000000086800000| Complete 
| 105|0x0000000086900000, 0x0000000086a00000, 0x0000000086a00000|100%| E|CS|TAMS 0x0000000086900000, 0x0000000086900000| Complete 
| 106|0x0000000086a00000, 0x0000000086b00000, 0x0000000086b00000|100%| E|CS|TAMS 0x0000000086a00000, 0x0000000086a00000| Complete 
| 107|0x0000000086b00000, 0x0000000086c00000, 0x0000000086c00000|100%| E|CS|TAMS 0x0000000086b00000, 0x0000000086b00000| Complete 
| 108|0x0000000086c00000, 0x0000000086d00000, 0x0000000086d00000|100%| E|CS|TAMS 0x0000000086c00000, 0x0000000086c00000| Complete 
| 109|0x0000000086d00000, 0x0000000086e00000, 0x0000000086e00000|100%| E|CS|TAMS 0x0000000086d00000, 0x0000000086d00000| Complete 
| 110|0x0000000086e00000, 0x0000000086f00000, 0x0000000086f00000|100%| E|CS|TAMS 0x0000000086e00000, 0x0000000086e00000| Complete 
| 111|0x0000000086f00000, 0x0000000087000000, 0x0000000087000000|100%| E|CS|TAMS 0x0000000086f00000, 0x0000000086f00000| Complete 
| 112|0x0000000087000000, 0x0000000087100000, 0x0000000087100000|100%| E|CS|TAMS 0x0000000087000000, 0x0000000087000000| Complete 
| 113|0x0000000087100000, 0x0000000087200000, 0x0000000087200000|100%| E|CS|TAMS 0x0000000087100000, 0x0000000087100000| Complete 
| 114|0x0000000087200000, 0x0000000087300000, 0x0000000087300000|100%| E|CS|TAMS 0x0000000087200000, 0x0000000087200000| Complete 
| 115|0x0000000087300000, 0x0000000087400000, 0x0000000087400000|100%| E|CS|TAMS 0x0000000087300000, 0x0000000087300000| Complete 
| 116|0x0000000087400000, 0x0000000087500000, 0x0000000087500000|100%| E|CS|TAMS 0x0000000087400000, 0x0000000087400000| Complete 
| 117|0x0000000087500000, 0x0000000087600000, 0x0000000087600000|100%| E|CS|TAMS 0x0000000087500000, 0x0000000087500000| Complete 
| 118|0x0000000087600000, 0x0000000087700000, 0x0000000087700000|100%| E|CS|TAMS 0x0000000087600000, 0x0000000087600000| Complete 
| 119|0x0000000087700000, 0x0000000087800000, 0x0000000087800000|100%| E|CS|TAMS 0x0000000087700000, 0x0000000087700000| Complete 
| 120|0x0000000087800000, 0x0000000087900000, 0x0000000087900000|100%| E|CS|TAMS 0x0000000087800000, 0x0000000087800000| Complete 
| 121|0x0000000087900000, 0x0000000087a00000, 0x0000000087a00000|100%| E|CS|TAMS 0x0000000087900000, 0x0000000087900000| Complete 
| 122|0x0000000087a00000, 0x0000000087b00000, 0x0000000087b00000|100%| E|CS|TAMS 0x0000000087a00000, 0x0000000087a00000| Complete 
| 123|0x0000000087b00000, 0x0000000087c00000, 0x0000000087c00000|100%| E|CS|TAMS 0x0000000087b00000, 0x0000000087b00000| Complete 
| 124|0x0000000087c00000, 0x0000000087d00000, 0x0000000087d00000|100%| E|CS|TAMS 0x0000000087c00000, 0x0000000087c00000| Complete 
| 125|0x0000000087d00000, 0x0000000087e00000, 0x0000000087e00000|100%| E|CS|TAMS 0x0000000087d00000, 0x0000000087d00000| Complete 
| 126|0x0000000087e00000, 0x0000000087f00000, 0x0000000087f00000|100%| E|CS|TAMS 0x0000000087e00000, 0x0000000087e00000| Complete 
| 127|0x0000000087f00000, 0x0000000088000000, 0x0000000088000000|100%| E|CS|TAMS 0x0000000087f00000, 0x0000000087f00000| Complete 
| 128|0x0000000088000000, 0x0000000088100000, 0x0000000088100000|100%| E|CS|TAMS 0x0000000088000000, 0x0000000088000000| Complete 
| 129|0x0000000088100000, 0x0000000088200000, 0x0000000088200000|100%| E|CS|TAMS 0x0000000088100000, 0x0000000088100000| Complete 
| 130|0x0000000088200000, 0x0000000088300000, 0x0000000088300000|100%| E|CS|TAMS 0x0000000088200000, 0x0000000088200000| Complete 
| 131|0x0000000088300000, 0x0000000088400000, 0x0000000088400000|100%| E|CS|TAMS 0x0000000088300000, 0x0000000088300000| Complete 
| 132|0x0000000088400000, 0x0000000088500000, 0x0000000088500000|100%| E|CS|TAMS 0x0000000088400000, 0x0000000088400000| Complete 
| 133|0x0000000088500000, 0x0000000088600000, 0x0000000088600000|100%| E|CS|TAMS 0x0000000088500000, 0x0000000088500000| Complete 
| 134|0x0000000088600000, 0x0000000088700000, 0x0000000088700000|100%| E|CS|TAMS 0x0000000088600000, 0x0000000088600000| Complete 
| 135|0x0000000088700000, 0x0000000088800000, 0x0000000088800000|100%| E|CS|TAMS 0x0000000088700000, 0x0000000088700000| Complete 
| 136|0x0000000088800000, 0x0000000088900000, 0x0000000088900000|100%| E|CS|TAMS 0x0000000088800000, 0x0000000088800000| Complete 
| 137|0x0000000088900000, 0x0000000088a00000, 0x0000000088a00000|100%| E|CS|TAMS 0x0000000088900000, 0x0000000088900000| Complete 
| 138|0x0000000088a00000, 0x0000000088b00000, 0x0000000088b00000|100%| E|CS|TAMS 0x0000000088a00000, 0x0000000088a00000| Complete 
| 139|0x0000000088b00000, 0x0000000088c00000, 0x0000000088c00000|100%| E|CS|TAMS 0x0000000088b00000, 0x0000000088b00000| Complete 
| 140|0x0000000088c00000, 0x0000000088d00000, 0x0000000088d00000|100%| E|CS|TAMS 0x0000000088c00000, 0x0000000088c00000| Complete 
| 141|0x0000000088d00000, 0x0000000088e00000, 0x0000000088e00000|100%| E|CS|TAMS 0x0000000088d00000, 0x0000000088d00000| Complete 
| 142|0x0000000088e00000, 0x0000000088f00000, 0x0000000088f00000|100%| E|CS|TAMS 0x0000000088e00000, 0x0000000088e00000| Complete 
| 143|0x0000000088f00000, 0x0000000089000000, 0x0000000089000000|100%| E|CS|TAMS 0x0000000088f00000, 0x0000000088f00000| Complete 
| 144|0x0000000089000000, 0x0000000089100000, 0x0000000089100000|100%| E|CS|TAMS 0x0000000089000000, 0x0000000089000000| Complete 
| 145|0x0000000089100000, 0x0000000089200000, 0x0000000089200000|100%| E|CS|TAMS 0x0000000089100000, 0x0000000089100000| Complete 
| 146|0x0000000089200000, 0x0000000089300000, 0x0000000089300000|100%| E|CS|TAMS 0x0000000089200000, 0x0000000089200000| Complete 
| 147|0x0000000089300000, 0x0000000089400000, 0x0000000089400000|100%| E|CS|TAMS 0x0000000089300000, 0x0000000089300000| Complete 
| 148|0x0000000089400000, 0x0000000089500000, 0x0000000089500000|100%| E|CS|TAMS 0x0000000089400000, 0x0000000089400000| Complete 

Card table byte_map: [0x0000024b9e2f0000,0x0000024b9e6f0000] _byte_map_base: 0x0000024b9def0000

Marking Bits (Prev, Next): (CMBitMap*) 0x0000024b8b5abb28, (CMBitMap*) 0x0000024b8b5abb60
 Prev Bits: [0x0000024b9eaf0000, 0x0000024ba0af0000)
 Next Bits: [0x0000024ba0af0000, 0x0000024ba2af0000)

Polling page: 0x0000024b89460000

Metaspace:

Usage:
  Non-class:     38.57 MB capacity,    37.87 MB ( 98%) used,   615.23 KB (  2%) free+waste,    97.00 KB ( <1%) overhead. 
      Class:      5.94 MB capacity,     5.56 MB ( 94%) used,   344.42 KB (  6%) free+waste,    46.56 KB ( <1%) overhead. 
       Both:     44.51 MB capacity,    43.43 MB ( 98%) used,   959.66 KB (  2%) free+waste,   143.56 KB ( <1%) overhead. 

Virtual space:
  Non-class space:       42.00 MB reserved,      38.75 MB ( 92%) committed 
      Class space:        1.00 GB reserved,       6.00 MB ( <1%) committed 
             Both:        1.04 GB reserved,      44.75 MB (  4%) committed 

Chunk freelists:
   Non-Class:  59.00 KB
       Class:  0 bytes
        Both:  59.00 KB

MaxMetaspaceSize: 17179869184.00 GB
CompressedClassSpaceSize: 1.00 GB

CodeHeap 'non-profiled nmethods': size=120064Kb used=2058Kb max_used=2058Kb free=118005Kb
 bounds [0x0000024b969b0000, 0x0000024b96c20000, 0x0000024b9def0000]
CodeHeap 'profiled nmethods': size=120000Kb used=7945Kb max_used=7945Kb free=112054Kb
 bounds [0x0000024b8f480000, 0x0000024b8fc50000, 0x0000024b969b0000]
CodeHeap 'non-nmethods': size=5696Kb used=2208Kb max_used=2236Kb free=3487Kb
 bounds [0x0000024b8eef0000, 0x0000024b8f160000, 0x0000024b8f480000]
 total_blobs=4762 nmethods=4002 adapters=671
 compilation: enabled
              stopped_count=0, restarted_count=0
 full_count=0

Compilation events (20 events):
Event: 18.093 Thread 0x0000024ba4ff0800 4222       1       java.io.ObjectStreamClass$WeakClassKey::hashCode (5 bytes)
Event: 18.093 Thread 0x0000024ba4ff0800 nmethod 4222 0x0000024b96bb1590 code [0x0000024b96bb1740, 0x0000024b96bb17f8]
Event: 18.094 Thread 0x0000024ba4ff0800 4223       3       java.lang.Class::getDeclaredFields (27 bytes)
Event: 18.094 Thread 0x0000024ba4ff0800 nmethod 4223 0x0000024b8fc41910 code [0x0000024b8fc41b00, 0x0000024b8fc41d98]
Event: 18.094 Thread 0x0000024ba4ff0800 4224       3       java.lang.Class::arrayContentsEq (70 bytes)
Event: 18.095 Thread 0x0000024ba4ff0800 nmethod 4224 0x0000024b8fc41e90 code [0x0000024b8fc42060, 0x0000024b8fc42458]
Event: 18.098 Thread 0x0000024ba4ff0800 4226       3       java.io.ObjectStreamField::getPrimitiveSignature (98 bytes)
Event: 18.098 Thread 0x0000024ba4ff0800 nmethod 4226 0x0000024b8fc42590 code [0x0000024b8fc427a0, 0x0000024b8fc42c88]
Event: 18.106 Thread 0x0000024ba4fe8800 nmethod 4221 0x0000024b96bb1890 code [0x0000024b96bb1a60, 0x0000024b96bb1c98]
Event: 18.106 Thread 0x0000024ba4fe8800 4225 %     4       sun.security.provider.SHA::implCompress0 @ 3 (482 bytes)
Event: 18.107 Thread 0x0000024ba4ff0800 4227       3       java.lang.Class::getDeclaredMethod (63 bytes)
Event: 18.108 Thread 0x0000024ba4ff0800 nmethod 4227 0x0000024b8fc42d90 code [0x0000024b8fc43040, 0x0000024b8fc43b28]
Event: 18.108 Thread 0x0000024ba4ff0800 4228       3       jdk.internal.reflect.ClassFileAssembler::append (30 bytes)
Event: 18.108 Thread 0x0000024ba4ff0800 nmethod 4228 0x0000024b8fc43f10 code [0x0000024b8fc44120, 0x0000024b8fc445d8]
Event: 18.109 Thread 0x0000024ba4ff0800 4230       1       java.lang.StackTraceElement::getLineNumber (5 bytes)
Event: 18.109 Thread 0x0000024ba4ff0800 nmethod 4230 0x0000024b96bb1f10 code [0x0000024b96bb20c0, 0x0000024b96bb2178]
Event: 18.109 Thread 0x0000024ba4ff0800 4231       1       java.lang.StackTraceElement::getFileName (5 bytes)
Event: 18.109 Thread 0x0000024ba4ff0800 nmethod 4231 0x0000024b96bb2210 code [0x0000024b96bb23c0, 0x0000024b96bb2478]
Event: 18.111 Thread 0x0000024ba4ff0800 4233       1       java.io.ObjectStreamClass$FieldReflectorKey::hashCode (5 bytes)
Event: 18.111 Thread 0x0000024ba4ff0800 nmethod 4233 0x0000024b96bb2510 code [0x0000024b96bb26c0, 0x0000024b96bb2778]

GC Heap History (16 events):
Event: 0.681 GC heap before
{Heap before GC invocations=0 (full 0):
 garbage-first heap   total 126976K, used 19456K [0x0000000080000000, 0x0000000100000000)
  region size 1024K, 14 young (14336K), 0 survivors (0K)
 Metaspace       used 7470K, capacity 7679K, committed 7936K, reserved 1056768K
  class space    used 686K, capacity 748K, committed 768K, reserved 1048576K
}
Event: 0.687 GC heap after
{Heap after GC invocations=1 (full 0):
 garbage-first heap   total 126976K, used 7953K [0x0000000080000000, 0x0000000100000000)
  region size 1024K, 2 young (2048K), 2 survivors (2048K)
 Metaspace       used 7470K, capacity 7679K, committed 7936K, reserved 1056768K
  class space    used 686K, capacity 748K, committed 768K, reserved 1048576K
}
Event: 1.148 GC heap before
{Heap before GC invocations=1 (full 0):
 garbage-first heap   total 126976K, used 19217K [0x0000000080000000, 0x0000000100000000)
  region size 1024K, 13 young (13312K), 2 survivors (2048K)
 Metaspace       used 10831K, capacity 11081K, committed 11264K, reserved 1058816K
  class space    used 1144K, capacity 1203K, committed 1280K, reserved 1048576K
}
Event: 1.151 GC heap after
{Heap after GC invocations=2 (full 0):
 garbage-first heap   total 126976K, used 8864K [0x0000000080000000, 0x0000000100000000)
  region size 1024K, 1 young (1024K), 1 survivors (1024K)
 Metaspace       used 10831K, capacity 11081K, committed 11264K, reserved 1058816K
  class space    used 1144K, capacity 1203K, committed 1280K, reserved 1048576K
}
Event: 1.677 GC heap before
{Heap before GC invocations=2 (full 0):
 garbage-first heap   total 126976K, used 35488K [0x0000000080000000, 0x0000000100000000)
  region size 1024K, 28 young (28672K), 1 survivors (1024K)
 Metaspace       used 11006K, capacity 11210K, committed 11520K, reserved 1058816K
  class space    used 1145K, capacity 1203K, committed 1280K, reserved 1048576K
}
Event: 1.682 GC heap after
{Heap after GC invocations=3 (full 0):
 garbage-first heap   total 126976K, used 13282K [0x0000000080000000, 0x0000000100000000)
  region size 1024K, 4 young (4096K), 4 survivors (4096K)
 Metaspace       used 11006K, capacity 11210K, committed 11520K, reserved 1058816K
  class space    used 1145K, capacity 1203K, committed 1280K, reserved 1048576K
}
Event: 3.385 GC heap before
{Heap before GC invocations=3 (full 0):
 garbage-first heap   total 126976K, used 53218K [0x0000000080000000, 0x0000000100000000)
  region size 1024K, 43 young (44032K), 4 survivors (4096K)
 Metaspace       used 18530K, capacity 18987K, committed 19072K, reserved 1067008K
  class space    used 2218K, capacity 2361K, committed 2432K, reserved 1048576K
}
Event: 3.410 GC heap after
{Heap after GC invocations=4 (full 0):
 garbage-first heap   total 126976K, used 16384K [0x0000000080000000, 0x0000000100000000)
  region size 1024K, 4 young (4096K), 4 survivors (4096K)
 Metaspace       used 18530K, capacity 18987K, committed 19072K, reserved 1067008K
  class space    used 2218K, capacity 2361K, committed 2432K, reserved 1048576K
}
Event: 3.926 GC heap before
{Heap before GC invocations=4 (full 0):
 garbage-first heap   total 126976K, used 31744K [0x0000000080000000, 0x0000000100000000)
  region size 1024K, 20 young (20480K), 4 survivors (4096K)
 Metaspace       used 20624K, capacity 21111K, committed 21248K, reserved 1067008K
  class space    used 2527K, capacity 2712K, committed 2816K, reserved 1048576K
}
Event: 3.931 GC heap after
{Heap after GC invocations=5 (full 0):
 garbage-first heap   total 126976K, used 16665K [0x0000000080000000, 0x0000000100000000)
  region size 1024K, 4 young (4096K), 4 survivors (4096K)
 Metaspace       used 20624K, capacity 21111K, committed 21248K, reserved 1067008K
  class space    used 2527K, capacity 2712K, committed 2816K, reserved 1048576K
}
Event: 5.674 GC heap before
{Heap before GC invocations=6 (full 0):
 garbage-first heap   total 126976K, used 69913K [0x0000000080000000, 0x0000000100000000)
  region size 1024K, 56 young (57344K), 4 survivors (4096K)
 Metaspace       used 26483K, capacity 27135K, committed 27264K, reserved 1073152K
  class space    used 3469K, capacity 3702K, committed 3712K, reserved 1048576K
}
Event: 5.682 GC heap after
{Heap after GC invocations=7 (full 0):
 garbage-first heap   total 126976K, used 18715K [0x0000000080000000, 0x0000000100000000)
  region size 1024K, 6 young (6144K), 6 survivors (6144K)
 Metaspace       used 26483K, capacity 27135K, committed 27264K, reserved 1073152K
  class space    used 3469K, capacity 3702K, committed 3712K, reserved 1048576K
}
Event: 7.211 GC heap before
{Heap before GC invocations=7 (full 0):
 garbage-first heap   total 126976K, used 63771K [0x0000000080000000, 0x0000000100000000)
  region size 1024K, 52 young (53248K), 6 survivors (6144K)
 Metaspace       used 35129K, capacity 35829K, committed 35840K, reserved 1081344K
  class space    used 4569K, capacity 4856K, committed 4864K, reserved 1048576K
}
Event: 7.221 GC heap after
{Heap after GC invocations=8 (full 0):
 garbage-first heap   total 126976K, used 22083K [0x0000000080000000, 0x0000000100000000)
  region size 1024K, 6 young (6144K), 6 survivors (6144K)
 Metaspace       used 35129K, capacity 35829K, committed 35840K, reserved 1081344K
  class space    used 4569K, capacity 4856K, committed 4864K, reserved 1048576K
}
Event: 8.849 GC heap before
{Heap before GC invocations=9 (full 0):
 garbage-first heap   total 126976K, used 87619K [0x0000000080000000, 0x0000000100000000)
  region size 1024K, 67 young (68608K), 6 survivors (6144K)
 Metaspace       used 41172K, capacity 42030K, committed 42240K, reserved 1085440K
  class space    used 5267K, capacity 5574K, committed 5632K, reserved 1048576K
}
Event: 8.863 GC heap after
{Heap after GC invocations=10 (full 0):
 garbage-first heap   total 152576K, used 25199K [0x0000000080000000, 0x0000000100000000)
  region size 1024K, 7 young (7168K), 7 survivors (7168K)
 Metaspace       used 41172K, capacity 42030K, committed 42240K, reserved 1085440K
  class space    used 5267K, capacity 5574K, committed 5632K, reserved 1048576K
}

Deoptimization events (20 events):
Event: 9.383 Thread 0x0000024ba710f800 DEOPT PACKING pc=0x0000024b96b22b18 sp=0x000000a87aef7ca0
Event: 9.383 Thread 0x0000024ba710f800 DEOPT UNPACKING pc=0x0000024b8eef822f sp=0x000000a87aef7c68 mode 2
Event: 10.115 Thread 0x0000024ba710f800 DEOPT PACKING pc=0x0000024b8f53339b sp=0x000000a87aef8660
Event: 10.115 Thread 0x0000024ba710f800 DEOPT UNPACKING pc=0x0000024b8ef18ade sp=0x000000a87aef7ba0 mode 0
Event: 10.115 Thread 0x0000024ba710f800 Uncommon trap: trap_request=0xffffff4d fr.pc=0x0000024b969d5600 relative=0x0000000000000060
Event: 10.115 Thread 0x0000024ba710f800 Uncommon trap: reason=unstable_if action=reinterpret pc=0x0000024b969d5600 method=java.io.WinNTFileSystem.isSlash(C)Z @ 9 c2
Event: 10.115 Thread 0x0000024ba710f800 DEOPT PACKING pc=0x0000024b969d5600 sp=0x000000a87aef86a0
Event: 10.115 Thread 0x0000024ba710f800 DEOPT UNPACKING pc=0x0000024b8eef822f sp=0x000000a87aef8628 mode 2
Event: 10.460 Thread 0x0000024ba8210800 Uncommon trap: trap_request=0xffffff4d fr.pc=0x0000024b96b7dc88 relative=0x0000000000000ae8
Event: 10.460 Thread 0x0000024ba8210800 Uncommon trap: reason=unstable_if action=reinterpret pc=0x0000024b96b7dc88 method=com.esotericsoftware.kryo.io.Input.readUtf8Length(I)I @ 9 c2
Event: 10.460 Thread 0x0000024ba8210800 DEOPT PACKING pc=0x0000024b96b7dc88 sp=0x000000a87c0fd890
Event: 10.460 Thread 0x0000024ba8210800 DEOPT UNPACKING pc=0x0000024b8eef822f sp=0x000000a87c0fd7e8 mode 2
Event: 10.462 Thread 0x0000024ba710f800 Uncommon trap: trap_request=0xffffff4d fr.pc=0x0000024b96b7ea08 relative=0x0000000000000068
Event: 10.462 Thread 0x0000024ba710f800 Uncommon trap: reason=unstable_if action=reinterpret pc=0x0000024b96b7ea08 method=com.esotericsoftware.kryo.io.Input.readUtf8Length(I)I @ 9 c2
Event: 10.462 Thread 0x0000024ba710f800 DEOPT PACKING pc=0x0000024b96b7ea08 sp=0x000000a87aef81b0
Event: 10.462 Thread 0x0000024ba710f800 DEOPT UNPACKING pc=0x0000024b8eef822f sp=0x000000a87aef8140 mode 2
Event: 10.518 Thread 0x0000024ba8210800 Uncommon trap: trap_request=0xffffffcc fr.pc=0x0000024b96b9b130 relative=0x00000000000010f0
Event: 10.519 Thread 0x0000024ba8210800 Uncommon trap: reason=intrinsic_or_type_checked_inlining action=make_not_entrant pc=0x0000024b96b9b130 method=java.util.ArrayList.toArray([Ljava/lang/Object;)[Ljava/lang/Object; @ 36 c2
Event: 10.519 Thread 0x0000024ba8210800 DEOPT PACKING pc=0x0000024b96b9b130 sp=0x000000a87c0fe080
Event: 10.519 Thread 0x0000024ba8210800 DEOPT UNPACKING pc=0x0000024b8eef822f sp=0x000000a87c0fdfd8 mode 2

Classes redefined (0 events):
No events

Internal exceptions (20 events):
Event: 9.433 Thread 0x0000024ba710f800 Exception <a 'java/lang/NoSuchMethodError'{0x0000000088abc070}: 'java.lang.Object java.lang.invoke.DirectMethodHandle$Holder.invokeStatic(java.lang.Object, java.lang.Object, java.lang.Object, java.lang.Object, java.lang.Object, java.lang.Object, java.lang.Object, java.lang.Object, java.lang.Object, java.lang.Object, java.lang.Object, java.lang.Object, java.lang.Object, java.lang.Object, java.lang.Object, java.lang.Object)'> (0x0000000088abc070) thrown at [./src/hotspot/share/interpreter/linkResolver.cpp, l
Event: 9.441 Thread 0x0000024ba710f800 Exception <a 'java/lang/NoSuchMethodError'{0x0000000088acb220}: 'java.lang.Object java.lang.invoke.DelegatingMethodHandle$Holder.reinvoke_L(java.lang.Object, java.lang.Object, java.lang.Object, java.lang.Object, java.lang.Object, java.lang.Object, java.lang.Object, java.lang.Object, java.lang.Object, java.lang.Object, java.lang.Object, java.lang.Object, java.lang.Object, java.lang.Object, java.lang.Object, java.lang.Object)'> (0x0000000088acb220) thrown at [./src/hotspot/share/interpreter/linkResolver.cpp,
Event: 9.604 Thread 0x0000024ba710f800 Exception <a 'java/lang/NoSuchMethodError'{0x00000000887b2da0}: 'java.lang.Object java.lang.invoke.DirectMethodHandle$Holder.invokeStatic(java.lang.Object, java.lang.Object, java.lang.Object, int)'> (0x00000000887b2da0) thrown at [./src/hotspot/share/interpreter/linkResolver.cpp, line 773]
Event: 9.604 Thread 0x0000024ba710f800 Exception <a 'java/lang/NoSuchMethodError'{0x00000000887b7660}: 'java.lang.Object java.lang.invoke.DirectMethodHandle$Holder.invokeSpecial(java.lang.Object, java.lang.Object, java.lang.Object, java.lang.Object, int)'> (0x00000000887b7660) thrown at [./src/hotspot/share/interpreter/linkResolver.cpp, line 773]
Event: 9.604 Thread 0x0000024ba710f800 Exception <a 'java/lang/NoSuchMethodError'{0x00000000887bb840}: 'java.lang.Object java.lang.invoke.Invokers$Holder.linkToTargetMethod(java.lang.Object, java.lang.Object, int, java.lang.Object)'> (0x00000000887bb840) thrown at [./src/hotspot/share/interpreter/linkResolver.cpp, line 773]
Event: 9.613 Thread 0x0000024ba710f800 Exception <a 'java/lang/NoSuchMethodError'{0x0000000088602d20}: 'int java.lang.invoke.DirectMethodHandle$Holder.invokeInterface(java.lang.Object, java.lang.Object)'> (0x0000000088602d20) thrown at [./src/hotspot/share/interpreter/linkResolver.cpp, line 773]
Event: 9.613 Thread 0x0000024ba710f800 Exception <a 'java/lang/IncompatibleClassChangeError'{0x0000000088606800}: Found class java.lang.Object, but interface was expected> (0x0000000088606800) thrown at [./src/hotspot/share/interpreter/linkResolver.cpp, line 839]
Event: 9.888 Thread 0x0000024ba710f800 Exception <a 'java/lang/NoSuchMethodError'{0x0000000087f37648}: 'int java.lang.invoke.DirectMethodHandle$Holder.invokeStaticInit(java.lang.Object)'> (0x0000000087f37648) thrown at [./src/hotspot/share/interpreter/linkResolver.cpp, line 773]
Event: 10.330 Thread 0x0000024ba710f800 Exception <a 'java/lang/NoSuchMethodError'{0x00000000877d4510}: 'void java.lang.invoke.DirectMethodHandle$Holder.invokeStatic(java.lang.Object, java.lang.Object, java.lang.Object, int, java.lang.Object)'> (0x00000000877d4510) thrown at [./src/hotspot/share/interpreter/linkResolver.cpp, line 773]
Event: 17.949 Thread 0x0000024ba710f800 Exception <a 'java/lang/OutOfMemoryError'{0x000000008675cd90}: unable to create native thread: possibly out of memory or process/resource limits reached> (0x000000008675cd90) thrown at [./src/hotspot/share/prims/jvm.cpp, line 2915]
Event: 17.977 Thread 0x0000024ba710f800 Exception <a 'java/lang/NoSuchMethodError'{0x000000008677c478}: 'long java.lang.invoke.DirectMethodHandle$Holder.invokeVirtual(java.lang.Object, java.lang.Object)'> (0x000000008677c478) thrown at [./src/hotspot/share/interpreter/linkResolver.cpp, line 773]
Event: 18.092 Thread 0x0000024ba6d0f800 Exception <a 'java/lang/NoSuchMethodError'{0x000000008938c228}: <clinit>> (0x000000008938c228) thrown at [./src/hotspot/share/prims/jni.cpp, line 1362]
Event: 18.094 Thread 0x0000024ba6d0f800 Exception <a 'java/lang/NoSuchMethodError'{0x0000000086113068}: <clinit>> (0x0000000086113068) thrown at [./src/hotspot/share/prims/jni.cpp, line 1362]
Event: 18.094 Thread 0x0000024ba6d0f800 Exception <a 'java/lang/NoSuchMethodError'{0x00000000861142c8}: <clinit>> (0x00000000861142c8) thrown at [./src/hotspot/share/prims/jni.cpp, line 1362]
Event: 18.094 Thread 0x0000024ba6d0f800 Exception <a 'java/lang/NoSuchMethodError'{0x00000000861155d0}: <clinit>> (0x00000000861155d0) thrown at [./src/hotspot/share/prims/jni.cpp, line 1362]
Event: 18.095 Thread 0x0000024ba6d0f800 Exception <a 'java/lang/NoSuchMethodError'{0x00000000861165f0}: <clinit>> (0x00000000861165f0) thrown at [./src/hotspot/share/prims/jni.cpp, line 1362]
Event: 18.095 Thread 0x0000024ba6d0f800 Exception <a 'java/lang/NoSuchMethodError'{0x00000000861204a0}: <clinit>> (0x00000000861204a0) thrown at [./src/hotspot/share/prims/jni.cpp, line 1362]
Event: 18.097 Thread 0x0000024ba6d0f800 Exception <a 'java/lang/NoSuchMethodError'{0x000000008612a828}: <clinit>> (0x000000008612a828) thrown at [./src/hotspot/share/prims/jni.cpp, line 1362]
Event: 18.108 Thread 0x0000024ba6d0f800 Exception <a 'java/lang/NoSuchMethodError'{0x000000008613e180}: <clinit>> (0x000000008613e180) thrown at [./src/hotspot/share/prims/jni.cpp, line 1362]
Event: 18.111 Thread 0x0000024ba6d0f800 Exception <a 'java/lang/NoSuchMethodError'{0x0000000086158af8}: <clinit>> (0x0000000086158af8) thrown at [./src/hotspot/share/prims/jni.cpp, line 1362]

Events (20 events):
Event: 18.043 loading class org/gradle/internal/build/event/types/DefaultFailure
Event: 18.043 loading class org/gradle/internal/build/event/types/DefaultFailure done
Event: 18.045 loading class org/gradle/tooling/internal/protocol/InternalFailure
Event: 18.045 loading class org/gradle/tooling/internal/protocol/InternalFailure done
Event: 18.073 loading class java/lang/Throwable$WrappedPrintWriter
Event: 18.075 loading class java/lang/Throwable$PrintStreamOrWriter
Event: 18.076 loading class java/lang/Throwable$PrintStreamOrWriter done
Event: 18.076 loading class java/lang/Throwable$WrappedPrintWriter done
Event: 18.087 loading class java/lang/StackTraceElement$HashedModules
Event: 18.087 loading class java/lang/StackTraceElement$HashedModules done
Event: 18.089 loading class org/gradle/internal/build/event/types/DefaultOperationFinishedProgressEvent
Event: 18.089 loading class org/gradle/internal/build/event/types/DefaultOperationFinishedProgressEvent done
Event: 18.090 loading class org/gradle/api/tasks/TaskExecutionException
Event: 18.090 loading class org/gradle/api/tasks/TaskExecutionException done
Event: 18.099 loading class java/time/Ser
Event: 18.105 loading class org/gradle/internal/exceptions/Contextual
Event: 18.105 loading class org/gradle/internal/exceptions/Contextual done
Event: 18.107 loading class java/time/Ser done
Event: 18.109 loading class org/gradle/internal/exceptions/ContextAwareException$1
Event: 18.109 loading class org/gradle/internal/exceptions/ContextAwareException$1 done


Dynamic libraries:
0x00007ff72c750000 - 0x00007ff72c75a000 	C:\Program Files\Android\Android Studio\jre\bin\java.exe
0x00007ff9eea10000 - 0x00007ff9eec05000 	C:\Windows\SYSTEM32\ntdll.dll
0x00007ff9ed580000 - 0x00007ff9ed63e000 	C:\Windows\System32\KERNEL32.DLL
0x00007ff9ec150000 - 0x00007ff9ec418000 	C:\Windows\System32\KERNELBASE.dll
0x00007ff9ec520000 - 0x00007ff9ec620000 	C:\Windows\System32\ucrtbase.dll
0x00007ff9cc580000 - 0x00007ff9cc599000 	C:\Program Files\Android\Android Studio\jre\bin\jli.dll
0x00007ff9edd50000 - 0x00007ff9edef0000 	C:\Windows\System32\USER32.dll
0x00007ff9eca30000 - 0x00007ff9eca52000 	C:\Windows\System32\win32u.dll
0x00007ff9ee940000 - 0x00007ff9ee96b000 	C:\Windows\System32\GDI32.dll
0x00007ff9ec810000 - 0x00007ff9ec91d000 	C:\Windows\System32\gdi32full.dll
0x00007ff9ec920000 - 0x00007ff9ec9bd000 	C:\Windows\System32\msvcp_win.dll
0x00007ff9c5960000 - 0x00007ff9c5bfa000 	C:\Windows\WinSxS\amd64_microsoft.windows.common-controls_6595b64144ccf1df_6.0.19041.1110_none_60b5254171f9507e\COMCTL32.dll
0x00007ff9ee660000 - 0x00007ff9ee6fe000 	C:\Windows\System32\msvcrt.dll
0x00007ff9cb740000 - 0x00007ff9cb757000 	C:\Program Files\Android\Android Studio\jre\bin\VCRUNTIME140.dll
0x00007ff9ee0c0000 - 0x00007ff9ee0f0000 	C:\Windows\System32\IMM32.DLL
0x00007ff9ba100000 - 0x00007ff9ba19d000 	C:\Program Files\Android\Android Studio\jre\bin\msvcp140.dll
0x00007ff99ae40000 - 0x00007ff99b8fc000 	C:\Program Files\Android\Android Studio\jre\bin\server\jvm.dll
0x00007ff9ee890000 - 0x00007ff9ee93e000 	C:\Windows\System32\ADVAPI32.dll
0x00007ff9ee020000 - 0x00007ff9ee0bc000 	C:\Windows\System32\sechost.dll
0x00007ff9ed450000 - 0x00007ff9ed575000 	C:\Windows\System32\RPCRT4.dll
0x00007ff9edd40000 - 0x00007ff9edd48000 	C:\Windows\System32\PSAPI.DLL
0x00007ff9d3930000 - 0x00007ff9d3939000 	C:\Windows\SYSTEM32\WSOCK32.dll
0x00007ff9c8100000 - 0x00007ff9c8127000 	C:\Windows\SYSTEM32\WINMM.dll
0x00007ff9e3210000 - 0x00007ff9e321a000 	C:\Windows\SYSTEM32\VERSION.dll
0x00007ff9ee700000 - 0x00007ff9ee76b000 	C:\Windows\System32\WS2_32.dll
0x00007ff9ea9a0000 - 0x00007ff9ea9b2000 	C:\Windows\SYSTEM32\kernel.appcore.dll
0x00007ff9cd4e0000 - 0x00007ff9cd4f1000 	C:\Program Files\Android\Android Studio\jre\bin\verify.dll
0x00007ff9e9f10000 - 0x00007ff9ea0f4000 	C:\Windows\SYSTEM32\DBGHELP.DLL
0x00007ff9d9c00000 - 0x00007ff9d9c2c000 	C:\Windows\SYSTEM32\dbgcore.DLL
0x00007ff9ec620000 - 0x00007ff9ec6a2000 	C:\Windows\System32\bcryptPrimitives.dll
0x00007ff9cd4b0000 - 0x00007ff9cd4d9000 	C:\Program Files\Android\Android Studio\jre\bin\java.dll
0x00007ff9d3920000 - 0x00007ff9d392b000 	C:\Program Files\Android\Android Studio\jre\bin\jimage.dll
0x00007ff9cd490000 - 0x00007ff9cd4a8000 	C:\Program Files\Android\Android Studio\jre\bin\zip.dll
0x00007ff9eca90000 - 0x00007ff9ed1d4000 	C:\Windows\System32\SHELL32.dll
0x00007ff9ea1f0000 - 0x00007ff9ea984000 	C:\Windows\SYSTEM32\windows.storage.dll
0x00007ff9ee300000 - 0x00007ff9ee655000 	C:\Windows\System32\combase.dll
0x00007ff9ebaa0000 - 0x00007ff9ebace000 	C:\Windows\SYSTEM32\Wldp.dll
0x00007ff9ee250000 - 0x00007ff9ee2fd000 	C:\Windows\System32\SHCORE.dll
0x00007ff9ee970000 - 0x00007ff9ee9c5000 	C:\Windows\System32\shlwapi.dll
0x00007ff9ec060000 - 0x00007ff9ec07f000 	C:\Windows\SYSTEM32\profapi.dll
0x00007ff9cd470000 - 0x00007ff9cd48a000 	C:\Program Files\Android\Android Studio\jre\bin\net.dll
0x00007ff9d7c60000 - 0x00007ff9d7d6c000 	C:\Windows\SYSTEM32\WINHTTP.dll
0x00007ff9eb800000 - 0x00007ff9eb86a000 	C:\Windows\system32\mswsock.dll
0x00007ff9ccba0000 - 0x00007ff9ccbb4000 	C:\Program Files\Android\Android Studio\jre\bin\nio.dll
0x00007ff9d5b90000 - 0x00007ff9d5bb7000 	C:\Users\marti\.gradle\native\fdc75f09e3144964f2cf3f50f0aa648679c211496f362492102eb8c894070792\windows-amd64\native-platform.dll
0x00007ff9b73b0000 - 0x00007ff9b7546000 	C:\Users\marti\.gradle\native\12488b8bf47d2d4c9fbf2f6322a914ad602e24e48041cd04a747c6da556b65c4\windows-amd64\native-platform-file-events.dll
0x00007ff9ccaf0000 - 0x00007ff9ccafa000 	C:\Program Files\Android\Android Studio\jre\bin\management.dll
0x00007ff9ccae0000 - 0x00007ff9ccaec000 	C:\Program Files\Android\Android Studio\jre\bin\management_ext.dll
0x00007ff9eba00000 - 0x00007ff9eba18000 	C:\Windows\SYSTEM32\CRYPTSP.dll
0x00007ff9eb180000 - 0x00007ff9eb1b4000 	C:\Windows\system32\rsaenh.dll
0x00007ff9ec120000 - 0x00007ff9ec147000 	C:\Windows\System32\bcrypt.dll
0x00007ff9ec020000 - 0x00007ff9ec04e000 	C:\Windows\SYSTEM32\USERENV.dll
0x00007ff9eb9f0000 - 0x00007ff9eb9fc000 	C:\Windows\SYSTEM32\CRYPTBASE.dll
0x00007ff9eb4f0000 - 0x00007ff9eb52b000 	C:\Windows\SYSTEM32\IPHLPAPI.DLL
0x00007ff9eca60000 - 0x00007ff9eca68000 	C:\Windows\System32\NSI.dll
0x00007ff9e09b0000 - 0x00007ff9e09c7000 	C:\Windows\SYSTEM32\dhcpcsvc6.DLL
0x00007ff9e0990000 - 0x00007ff9e09ad000 	C:\Windows\SYSTEM32\dhcpcsvc.DLL
0x00007ff9eb530000 - 0x00007ff9eb5fb000 	C:\Windows\SYSTEM32\DNSAPI.dll
0x00007ff9e0a30000 - 0x00007ff9e0a3b000 	C:\Windows\SYSTEM32\WINNSI.DLL

dbghelp: loaded successfully - version: 4.0.5 - missing functions: none
symbol engine: initialized successfully - sym options: 0x614 - pdb path: .;C:\Program Files\Android\Android Studio\jre\bin;C:\Windows\SYSTEM32;C:\Windows\WinSxS\amd64_microsoft.windows.common-controls_6595b64144ccf1df_6.0.19041.1110_none_60b5254171f9507e;C:\Program Files\Android\Android Studio\jre\bin\server;C:\Users\marti\.gradle\native\fdc75f09e3144964f2cf3f50f0aa648679c211496f362492102eb8c894070792\windows-amd64;C:\Users\marti\.gradle\native\12488b8bf47d2d4c9fbf2f6322a914ad602e24e48041cd04a747c6da556b65c4\windows-amd64

VM Arguments:
jvm_args: --add-opens=java.base/java.util=ALL-UNNAMED --add-opens=java.base/java.lang=ALL-UNNAMED --add-opens=java.base/java.lang.invoke=ALL-UNNAMED --add-opens=java.prefs/java.util.prefs=ALL-UNNAMED -Xmx2048m -Dfile.encoding=UTF-8 -Duser.country=MX -Duser.language=es -Duser.variant 
java_command: org.gradle.launcher.daemon.bootstrap.GradleDaemon 6.7.1
java_class_path (initial): C:\Users\marti\.gradle\wrapper\dists\gradle-6.7.1-bin\bwlcbys1h7rz3272sye1xwiv6\gradle-6.7.1\lib\gradle-launcher-6.7.1.jar
Launcher Type: SUN_STANDARD

[Global flags]
     intx CICompilerCount                          = 3                                         {product} {ergonomic}
     uint ConcGCThreads                            = 1                                         {product} {ergonomic}
     uint G1ConcRefinementThreads                  = 4                                         {product} {ergonomic}
   size_t G1HeapRegionSize                         = 1048576                                   {product} {ergonomic}
    uintx GCDrainStackTargetSize                   = 64                                        {product} {ergonomic}
   size_t InitialHeapSize                          = 130023424                                 {product} {ergonomic}
   size_t MarkStackSize                            = 4194304                                   {product} {ergonomic}
   size_t MaxHeapSize                              = 2147483648                                {product} {command line}
   size_t MaxNewSize                               = 1287651328                                {product} {ergonomic}
   size_t MinHeapDeltaBytes                        = 1048576                                   {product} {ergonomic}
    uintx NonNMethodCodeHeapSize                   = 5830732                                {pd product} {ergonomic}
    uintx NonProfiledCodeHeapSize                  = 122913754                              {pd product} {ergonomic}
    uintx ProfiledCodeHeapSize                     = 122913754                              {pd product} {ergonomic}
    uintx ReservedCodeCacheSize                    = 251658240                              {pd product} {ergonomic}
     bool SegmentedCodeCache                       = true                                      {product} {ergonomic}
     bool UseCompressedClassPointers               = true                                 {lp64_product} {ergonomic}
     bool UseCompressedOops                        = true                                 {lp64_product} {ergonomic}
     bool UseG1GC                                  = true                                      {product} {ergonomic}
     bool UseLargePagesIndividualAllocation        = false                                  {pd product} {ergonomic}

Logging:
Log output configuration:
 #0: stdout all=warning uptime,level,tags
 #1: stderr all=off uptime,level,tags

Environment Variables:
PATH=D:\Programas\VMware Workstation\bin\;C:\Program Files (x86)\Common Files\Oracle\Java\javapath;C:\Program Files\Common Files\Oracle\Java\javapath;C:\Windows\system32;C:\Windows;C:\Windows\System32\Wbem;C:\Windows\System32\WindowsPowerShell\v1.0\;C:\Windows\System32\OpenSSH\;C:\Program Files\Microsoft SQL Server\110\Tools\Binn\;C:\Program Files (x86)\Windows Kits\8.1\Windows Performance Toolkit\;C:\Program Files\Git\cmd;C:\Program Files (x86)\Haskell\bin;C:\ghc\ghc-7.6.1\bin;C:\Users\marti\AppData\Local\Microsoft\WindowsApps;C:\Users\marti\AppData\Local\GitHubDesktop\bin
USERNAME=Martin
OS=Windows_NT
PROCESSOR_IDENTIFIER=Intel64 Family 6 Model 126 Stepping 5, GenuineIntel



---------------  S Y S T E M  ---------------

OS: Windows 10 , 64 bit Build 19041 (10.0.19041.1503)
OS uptime: 0 days 0:32 hours

CPU:total 4 (initial active 4) (2 cores per cpu, 2 threads per core) family 6 model 126 stepping 5, cmov, cx8, fxsr, mmx, sse, sse2, sse3, ssse3, sse4.1, sse4.2, popcnt, avx, avx2, aes, clmul, erms, 3dnowpref, lzcnt, ht, tsc, tscinvbit, bmi1, bmi2, adx, evex, sha, fma

Memory: 4k page, system-wide physical 7934M (180M free)
TotalPageFile size 13210M (AvailPageFile size 20M)
current process WorkingSet (physical memory assigned to process): 52M, peak: 259M
current process commit charge ("private bytes"): 305M, peak: 319M

vm_info: OpenJDK 64-Bit Server VM (11.0.8+10-b944.6842174) for windows-amd64 JRE (11.0.8+10-b944.6842174), built on Sep 19 2020 01:11:42 by "builder" with MS VC++ 14.0 (VS2015)

END.
